<?xml version="1.0" encoding="UTF-8"?>
<testng-results skipped="0" failed="0" total="2" passed="2">
  <reporter-output>
  </reporter-output>
  <suite name="Default suite" duration-ms="17324" started-at="2016-12-26T02:11:57Z" finished-at="2016-12-26T02:12:14Z">
    <groups>
    </groups>
    <test name="Default test" duration-ms="17324" started-at="2016-12-26T02:11:57Z" finished-at="2016-12-26T02:12:14Z">
      <class name="com.curbside.testcase.CurbsideTestCases">
        <test-method status="PASS" signature="firstTestCase()[pri:0, instance:com.curbside.testcase.CurbsideTestCases@2669b199]" name="firstTestCase" duration-ms="10512" started-at="2016-12-25T18:11:57Z" finished-at="2016-12-25T18:12:07Z">
          <reporter-output>
          </reporter-output>
        </test-method> <!-- firstTestCase -->
        <test-method status="PASS" signature="secondTestCase()[pri:0, instance:com.curbside.testcase.CurbsideTestCases@2669b199]" name="secondTestCase" duration-ms="6771" started-at="2016-12-25T18:12:07Z" finished-at="2016-12-25T18:12:14Z">
          <reporter-output>
          </reporter-output>
        </test-method> <!-- secondTestCase -->
      </class> <!-- com.curbside.testcase.CurbsideTestCases -->
    </test> <!-- Default test -->
  </suite> <!-- Default suite -->
</testng-results>
